<?xml version="1.0" encoding="UTF-8"?>
<!-- Generated by org.testng.reporters.JUnitXMLReporter -->
<testsuite ignored="0" hostname="LAPTOP-IOBU0KIJ" failures="0" tests="2" name="ChromeTest" time="12.79" errors="0" timestamp="2024-10-23T11:47:29 AEDT">
  <testcase classname="testcases.TC001_ToVerifyMakeAppointmentButtonOnHomePage" name="testToverifymakeAppointmentButton" time="2.224"/>
  <testcase classname="testcases.TC002_ToVerifyLoginWithValidCredential" name="loginTestWithValidCredential" time="1.846"/>
</testsuite> <!-- ChromeTest -->
