<?xml version="1.0" encoding="UTF-8"?>
<testng-results ignored="0" total="2" passed="2" failed="0" skipped="0">
  <reporter-output>
  </reporter-output>
  <suite started-at="2024-10-23T11:47:16 AEDT" name="TestSuite" finished-at="2024-10-23T11:47:28 AEDT" duration-ms="12790">
    <groups>
    </groups>
    <test started-at="2024-10-23T11:47:16 AEDT" name="ChromeTest" finished-at="2024-10-23T11:47:28 AEDT" duration-ms="12790">
      <class name="testcases.TC002_ToVerifyLoginWithValidCredential">
        <test-method is-config="true" signature="setup(java.lang.String)[pri:0, instance:testcases.TC002_ToVerifyLoginWithValidCredential@3e6104fc]" started-at="2024-10-23T11:47:23 AEDT" name="setup" finished-at="2024-10-23T11:47:26 AEDT" duration-ms="3745" status="PASS">
          <params>
            <param index="0">
              <value>
                <![CDATA[chrome]]>
              </value>
            </param>
          </params>
          <reporter-output>
          </reporter-output>
        </test-method> <!-- setup -->
        <test-method signature="loginTestWithValidCredential()[pri:0, instance:testcases.TC002_ToVerifyLoginWithValidCredential@3e6104fc]" started-at="2024-10-23T11:47:26 AEDT" name="loginTestWithValidCredential" finished-at="2024-10-23T11:47:28 AEDT" duration-ms="1846" status="PASS">
          <reporter-output>
          </reporter-output>
        </test-method> <!-- loginTestWithValidCredential -->
        <test-method is-config="true" signature="teardown()[pri:0, instance:testcases.TC002_ToVerifyLoginWithValidCredential@3e6104fc]" started-at="2024-10-23T11:47:28 AEDT" name="teardown" finished-at="2024-10-23T11:47:28 AEDT" duration-ms="219" status="PASS">
          <reporter-output>
          </reporter-output>
        </test-method> <!-- teardown -->
      </class> <!-- testcases.TC002_ToVerifyLoginWithValidCredential -->
      <class name="testcases.TC001_ToVerifyMakeAppointmentButtonOnHomePage">
        <test-method is-config="true" signature="setup(java.lang.String)[pri:0, instance:testcases.TC001_ToVerifyMakeAppointmentButtonOnHomePage@54504ecd]" started-at="2024-10-23T11:47:16 AEDT" name="setup" finished-at="2024-10-23T11:47:20 AEDT" duration-ms="3776" status="PASS">
          <params>
            <param index="0">
              <value>
                <![CDATA[chrome]]>
              </value>
            </param>
          </params>
          <reporter-output>
          </reporter-output>
        </test-method> <!-- setup -->
        <test-method signature="testToverifymakeAppointmentButton()[pri:0, instance:testcases.TC001_ToVerifyMakeAppointmentButtonOnHomePage@54504ecd]" started-at="2024-10-23T11:47:20 AEDT" name="testToverifymakeAppointmentButton" finished-at="2024-10-23T11:47:22 AEDT" duration-ms="2224" status="PASS">
          <reporter-output>
          </reporter-output>
        </test-method> <!-- testToverifymakeAppointmentButton -->
        <test-method is-config="true" signature="teardown()[pri:0, instance:testcases.TC001_ToVerifyMakeAppointmentButtonOnHomePage@54504ecd]" started-at="2024-10-23T11:47:22 AEDT" name="teardown" finished-at="2024-10-23T11:47:23 AEDT" duration-ms="213" status="PASS">
          <reporter-output>
          </reporter-output>
        </test-method> <!-- teardown -->
      </class> <!-- testcases.TC001_ToVerifyMakeAppointmentButtonOnHomePage -->
    </test> <!-- ChromeTest -->
  </suite> <!-- TestSuite -->
</testng-results>
